"../../../Engine/Content/Functions/Engine_MaterialFunctions01/Shading/PowerToRoughness.uasset" 0
"../../../Engine/Content/Functions/Engine_MaterialFunctions01/Shading/PowerToRoughness.uexp" 1
"../../../Engine/Content/Functions/Engine_MaterialFunctions01/Shading/ConvertFromDiffSpec.uasset" 2
"../../../Engine/Content/Functions/Engine_MaterialFunctions01/Shading/ConvertFromDiffSpec.uexp" 3
"../../../Engine/Content/EngineSounds/Master.uasset" 4
"../../../Engine/Content/EngineSounds/Master.uexp" 5
"../../../Engine/Content/EngineSky/T_Sky_Stars.ubulk" 6
"../../../Engine/Content/EngineSky/T_Sky_Stars.uasset" 7
"../../../Engine/Content/EngineSky/T_Sky_Stars.uexp" 8
"../../../Engine/Content/EngineSky/T_Sky_Clouds_M.ubulk" 9
"../../../Engine/Content/EngineSky/T_Sky_Clouds_M.uasset" 10
"../../../Engine/Content/EngineSky/T_Sky_Clouds_M.uexp" 11
"../../../Engine/Content/EngineSky/T_Sky_Blue.ubulk" 12
"../../../Engine/Content/EngineSky/T_Sky_Blue.uasset" 13
"../../../Engine/Content/EngineSky/T_Sky_Blue.uexp" 14
"../../../Engine/Content/EngineSky/M_Sky_Panning_Clouds2.uasset" 15
"../../../Engine/Content/EngineSky/M_Sky_Panning_Clouds2.uexp" 16
"../../../Engine/Content/EngineSky/SM_SkySphere.ubulk" 17
"../../../Engine/Content/EngineSky/SM_SkySphere.uasset" 18
"../../../Engine/Content/EngineSky/SM_SkySphere.uexp" 19
"../../../Engine/Content/EngineSky/M_SimpleSkyDome.uasset" 20
"../../../Engine/Content/EngineSky/M_SimpleSkyDome.uexp" 21
"../../../Engine/Content/EngineSky/VolumetricClouds/CloudWeatherTexture.uasset" 22
"../../../Engine/Content/EngineSky/VolumetricClouds/CloudWeatherTexture.uexp" 23
"../../../Engine/Content/Functions/Engine_MaterialFunctions02/Utility/MakeFloat2.uasset" 24
"../../../Engine/Content/Functions/Engine_MaterialFunctions02/Utility/MakeFloat2.uexp" 25
"../../../Engine/Content/EngineSky/VolumetricClouds/CloudGradientTexture.uasset" 26
"../../../Engine/Content/EngineSky/VolumetricClouds/CloudGradientTexture.uexp" 27
"../../../Engine/Content/EngineSky/VolumetricClouds/T_NoiseShape64.ubulk" 28
"../../../Engine/Content/EngineSky/VolumetricClouds/T_NoiseShape64.uasset" 29
"../../../Engine/Content/EngineSky/VolumetricClouds/T_NoiseShape64.uexp" 30
"../../../Engine/Content/EngineSky/VolumetricClouds/T_VolumeNoiseShape64.uasset" 31
"../../../Engine/Content/EngineSky/VolumetricClouds/T_VolumeNoiseShape64.uexp" 32
"../../../Engine/Content/EngineSky/VolumetricClouds/T_NoiseErosion.ubulk" 33
"../../../Engine/Content/EngineSky/VolumetricClouds/T_NoiseErosion.uasset" 34
"../../../Engine/Content/EngineSky/VolumetricClouds/T_NoiseErosion.uexp" 35
"../../../Engine/Content/EngineSky/VolumetricClouds/T_VolumeNoiseErosion32.uasset" 36
"../../../Engine/Content/EngineSky/VolumetricClouds/T_VolumeNoiseErosion32.uexp" 37
"../../../Engine/Content/EngineSky/VolumetricClouds/m_SimpleVolumetricCloud.uasset" 38
"../../../Engine/Content/EngineSky/VolumetricClouds/m_SimpleVolumetricCloud.uexp" 39
"../../../Engine/Content/EngineSky/VolumetricClouds/m_SimpleVolumetricCloud_Inst.uasset" 40
"../../../Engine/Content/EngineSky/VolumetricClouds/m_SimpleVolumetricCloud_Inst.uexp" 41
"../../../Engine/Content/EngineResources/GradientTexture0.uasset" 42
"../../../Engine/Content/EngineResources/GradientTexture0.uexp" 43
"../../../Engine/Content/EngineResources/DefaultVolumeTexture2D.uasset" 44
"../../../Engine/Content/EngineResources/DefaultVolumeTexture2D.uexp" 45
"../../../Engine/Content/EngineResources/DefaultVolumeTexture.uasset" 46
"../../../Engine/Content/EngineResources/DefaultVolumeTexture.uexp" 47
"../../../Engine/Content/EngineResources/DefaultTextureCube.uasset" 48
"../../../Engine/Content/EngineResources/DefaultTextureCube.uexp" 49
"../../../Engine/Content/EngineResources/DefaultTexture.ubulk" 50
"../../../Engine/Content/EngineResources/DefaultTexture.uasset" 51
"../../../Engine/Content/EngineResources/DefaultTexture.uexp" 52
"../../../Engine/Content/EngineResources/Black.uasset" 53
"../../../Engine/Content/EngineResources/Black.uexp" 54
"../../../Engine/Content/EngineResources/FilmGrains/Marcie_Grain_v3_128_M2_000.uasset" 55
"../../../Engine/Content/EngineResources/FilmGrains/Marcie_Grain_v3_128_M2_000.uexp" 56
"../../../Engine/Content/EngineMeshes/Sphere.ubulk" 57
"../../../Engine/Content/EngineMeshes/Sphere.uasset" 58
"../../../Engine/Content/EngineMeshes/Sphere.uexp" 59
"../../../Engine/Content/EngineResources/WhiteSquareTexture.uasset" 60
"../../../Engine/Content/EngineResources/WhiteSquareTexture.uexp" 61
"../../../Engine/Content/EngineMaterials/Widget3DPassThrough.uasset" 62
"../../../Engine/Content/EngineMaterials/Widget3DPassThrough.uexp" 63
"../../../Engine/Content/EngineMaterials/Widget3DPassThrough_Translucent.uasset" 64
"../../../Engine/Content/EngineMaterials/Widget3DPassThrough_Translucent.uexp" 65
"../../../Engine/Content/EngineMaterials/Widget3DPassThrough_Translucent_OneSided.uasset" 66
"../../../Engine/Content/EngineMaterials/Widget3DPassThrough_Translucent_OneSided.uexp" 67
"../../../Engine/Content/EngineMaterials/Widget3DPassThrough_Opaque.uasset" 68
"../../../Engine/Content/EngineMaterials/Widget3DPassThrough_Opaque.uexp" 69
"../../../Engine/Content/EngineMaterials/Widget3DPassThrough_Opaque_OneSided.uasset" 70
"../../../Engine/Content/EngineMaterials/Widget3DPassThrough_Opaque_OneSided.uexp" 71
"../../../Engine/Content/EngineMaterials/Widget3DPassThrough_Masked_OneSided.uasset" 72
"../../../Engine/Content/EngineMaterials/Widget3DPassThrough_Masked_OneSided.uexp" 73
"../../../Engine/Content/EngineMaterials/Widget3DPassThrough_Masked.uasset" 74
"../../../Engine/Content/EngineMaterials/Widget3DPassThrough_Masked.uexp" 75
"../../../Engine/Content/EngineMaterials/WeightMapPlaceholderTexture.uasset" 76
"../../../Engine/Content/EngineMaterials/WeightMapPlaceholderTexture.uexp" 77
"../../../Engine/Content/EngineMaterials/RemoveSurfaceMaterial.uasset" 78
"../../../Engine/Content/EngineMaterials/RemoveSurfaceMaterial.uexp" 79
"../../../Engine/Content/EngineMaterials/PreintegratedSkinBRDF.uasset" 80
"../../../Engine/Content/EngineMaterials/PreintegratedSkinBRDF.uexp" 81
"../../../Engine/Content/EngineMaterials/DefaultCalibrationGrayscale.uasset" 82
"../../../Engine/Content/EngineMaterials/DefaultCalibrationGrayscale.uexp" 83
"../../../Engine/Content/EngineMaterials/PPM_DefaultCalibrationGrayscale.uasset" 84
"../../../Engine/Content/EngineMaterials/PPM_DefaultCalibrationGrayscale.uexp" 85
"../../../Engine/Content/EngineMaterials/DefaultCalibrationColor.uasset" 86
"../../../Engine/Content/EngineMaterials/DefaultCalibrationColor.uexp" 87
"../../../Engine/Content/EngineMaterials/PPM_DefaultCalibrationColor.uasset" 88
"../../../Engine/Content/EngineMaterials/PPM_DefaultCalibrationColor.uexp" 89
"../../../Engine/Content/Functions/Engine_MaterialFunctions02/WorldPositionOffset/CameraOffset.uasset" 90
"../../../Engine/Content/Functions/Engine_MaterialFunctions02/WorldPositionOffset/CameraOffset.uexp" 91
"../../../Engine/Content/EngineMaterials/PhAT_JointLimitMaterial.uasset" 92
"../../../Engine/Content/EngineMaterials/PhAT_JointLimitMaterial.uexp" 93
"../../../Engine/Content/EngineMaterials/InvalidLightmapSettings.ubulk" 94
"../../../Engine/Content/EngineMaterials/InvalidLightmapSettings.uasset" 95
"../../../Engine/Content/EngineMaterials/InvalidLightmapSettings.uexp" 96
"../../../Engine/Content/EngineMaterials/M_InvalidLightmapSettings.uasset" 97
"../../../Engine/Content/EngineMaterials/M_InvalidLightmapSettings.uexp" 98
"../../../Engine/Content/EngineMaterials/MiniFont.uasset" 99
"../../../Engine/Content/EngineMaterials/MiniFont.uexp" 100
"../../../Engine/Content/EngineMaterials/Good64x64TilingNoiseHighFreq.uasset" 101
"../../../Engine/Content/EngineMaterials/Good64x64TilingNoiseHighFreq.uexp" 102
"../../../Engine/Content/EngineMaterials/GizmoMaterial.uasset" 103
"../../../Engine/Content/EngineMaterials/GizmoMaterial.uexp" 104
"../../../Engine/Content/EngineMaterials/BaseFlattenEmissiveMap_VT.uasset" 105
"../../../Engine/Content/EngineMaterials/BaseFlattenEmissiveMap_VT.uexp" 106
"../../../Engine/Content/EngineMaterials/BaseFlattenGrayscaleMap_VT.uasset" 107
"../../../Engine/Content/EngineMaterials/BaseFlattenGrayscaleMap_VT.uexp" 108
"../../../Engine/Content/EngineMaterials/BaseFlattenLinearColor_VT.uasset" 109
"../../../Engine/Content/EngineMaterials/BaseFlattenLinearColor_VT.uexp" 110
"../../../Engine/Content/EngineMaterials/Black_1x1_EXR_Texture_VT.uasset" 111
"../../../Engine/Content/EngineMaterials/Black_1x1_EXR_Texture_VT.uexp" 112
"../../../Engine/Content/EngineMaterials/BaseFlattenDiffuseMap_VT.uasset" 113
"../../../Engine/Content/EngineMaterials/BaseFlattenDiffuseMap_VT.uexp" 114
"../../../Engine/Content/EngineMaterials/BaseFlattenNormalMap_VT.uasset" 115
"../../../Engine/Content/EngineMaterials/BaseFlattenNormalMap_VT.uexp" 116
"../../../Engine/Content/EngineMaterials/FlattenMaterial_WS_Normal_VT.uasset" 117
"../../../Engine/Content/EngineMaterials/FlattenMaterial_WS_Normal_VT.uexp" 118
"../../../Engine/Content/EngineMaterials/FlattenMaterial_VT.uasset" 119
"../../../Engine/Content/EngineMaterials/FlattenMaterial_VT.uexp" 120
"../../../Engine/Content/EngineMaterials/BaseFlattenNormalMap.uasset" 121
"../../../Engine/Content/EngineMaterials/BaseFlattenNormalMap.uexp" 122
"../../../Engine/Content/EngineMaterials/BaseFlattenGrayscaleMap.uasset" 123
"../../../Engine/Content/EngineMaterials/BaseFlattenGrayscaleMap.uexp" 124
"../../../Engine/Content/EngineMaterials/BaseFlattenDiffuseMap.uasset" 125
"../../../Engine/Content/EngineMaterials/BaseFlattenDiffuseMap.uexp" 126
"../../../Engine/Content/Functions/Engine_MaterialFunctions02/PivotPainter2/Black_1x1_EXR_Texture.uasset" 127
"../../../Engine/Content/Functions/Engine_MaterialFunctions02/PivotPainter2/Black_1x1_EXR_Texture.uexp" 128
"../../../Engine/Content/EngineMaterials/BaseFlattenEmissiveMap.uasset" 129
"../../../Engine/Content/EngineMaterials/BaseFlattenEmissiveMap.uexp" 130
"../../../Engine/Content/EngineMaterials/BaseFlattenLinearColor.uasset" 131
"../../../Engine/Content/EngineMaterials/BaseFlattenLinearColor.uexp" 132
"../../../Engine/Content/EngineMaterials/FlattenMaterial.uasset" 133
"../../../Engine/Content/EngineMaterials/FlattenMaterial.uexp" 134
"../../../Engine/Content/EngineMaterials/DefaultWhiteGrid_Low.uasset" 135
"../../../Engine/Content/EngineMaterials/DefaultWhiteGrid_Low.uexp" 136
"../../../Engine/Content/EngineMaterials/EmissiveMeshMaterial.uasset" 137
"../../../Engine/Content/EngineMaterials/EmissiveMeshMaterial.uexp" 138
"../../../Engine/Content/EngineMaterials/DefaultWhiteGrid.ubulk" 139
"../../../Engine/Content/EngineMaterials/DefaultWhiteGrid.uasset" 140
"../../../Engine/Content/EngineMaterials/DefaultWhiteGrid.uexp" 141
"../../../Engine/Content/EngineFonts/RobotoDistanceField.uasset" 142
"../../../Engine/Content/EngineFonts/RobotoDistanceField.uexp" 143
"../../../Engine/Content/EngineMaterials/DefaultTextMaterialOpaque.uasset" 144
"../../../Engine/Content/EngineMaterials/DefaultTextMaterialOpaque.uexp" 145
"../../../Engine/Content/EngineMaterials/DefaultDiffuse.ubulk" 146
"../../../Engine/Content/EngineMaterials/DefaultDiffuse.uasset" 147
"../../../Engine/Content/EngineMaterials/DefaultDiffuse.uexp" 148
"../../../Engine/Content/Functions/Engine_MaterialFunctions02/Utility/BreakOutFloat2Components.uasset" 149
"../../../Engine/Content/Functions/Engine_MaterialFunctions02/Utility/BreakOutFloat2Components.uexp" 150
"../../../Engine/Content/EngineMaterials/DefaultPostProcessMaterial.uasset" 151
"../../../Engine/Content/EngineMaterials/DefaultPostProcessMaterial.uexp" 152
"../../../Engine/Content/EngineMaterials/DefaultPhysicalMaterial.uasset" 153
"../../../Engine/Content/EngineMaterials/DefaultPhysicalMaterial.uexp" 154
"../../../Engine/Content/EngineMaterials/DefaultLightFunctionMaterial.uasset" 155
"../../../Engine/Content/EngineMaterials/DefaultLightFunctionMaterial.uexp" 156
"../../../Engine/Content/EngineMaterials/DefaultDestructiblePhysicalMaterial.uasset" 157
"../../../Engine/Content/EngineMaterials/DefaultDestructiblePhysicalMaterial.uexp" 158
"../../../Engine/Content/EngineMaterials/DefaultDeferredDecalMaterial.uasset" 159
"../../../Engine/Content/EngineMaterials/DefaultDeferredDecalMaterial.uexp" 160
"../../../Engine/Content/EngineMaterials/DefaultBokeh.uasset" 161
"../../../Engine/Content/EngineMaterials/DefaultBokeh.uexp" 162
"../../../Engine/Content/EngineMaterials/DefaultBloomKernel.uasset" 163
"../../../Engine/Content/EngineMaterials/DefaultBloomKernel.uexp" 164
"../../../Engine/Content/EngineMaterials/BlueNoise.uasset" 165
"../../../Engine/Content/EngineMaterials/BlueNoise.uexp" 166
"../../../Engine/Content/EngineFonts/Faces/RobotoLight.uexp" 167
"../../../Engine/Content/EngineFonts/Faces/RobotoLight.uasset" 168
"../../../Engine/Content/EngineFonts/Faces/RobotoLight.ufont" 169
"../../../Engine/Content/EngineFonts/Faces/RobotoBold.uexp" 170
"../../../Engine/Content/EngineFonts/Faces/RobotoBold.uasset" 171
"../../../Engine/Content/EngineFonts/Faces/RobotoBold.ufont" 172
"../../../Engine/Content/EngineFonts/Faces/RobotoRegular.uexp" 173
"../../../Engine/Content/EngineFonts/Faces/RobotoRegular.uasset" 174
"../../../Engine/Content/EngineFonts/Faces/RobotoRegular.ufont" 175
"../../../Engine/Content/EngineFonts/Faces/DroidSansFallback.uexp" 176
"../../../Engine/Content/EngineFonts/Faces/DroidSansFallback.uasset" 177
"../../../Engine/Content/EngineFonts/Faces/DroidSansFallback.ufont" 178
"../../../Engine/Content/EngineFonts/Faces/RobotoItalic.uexp" 179
"../../../Engine/Content/EngineFonts/Faces/RobotoItalic.uasset" 180
"../../../Engine/Content/EngineFonts/Faces/RobotoItalic.ufont" 181
"../../../Engine/Content/EngineFonts/Faces/RobotoBoldItalic.uexp" 182
"../../../Engine/Content/EngineFonts/Faces/RobotoBoldItalic.uasset" 183
"../../../Engine/Content/EngineFonts/Faces/RobotoBoldItalic.ufont" 184
"../../../Engine/Content/EngineFonts/Roboto.uasset" 185
"../../../Engine/Content/EngineFonts/Roboto.uexp" 186
"../../../Engine/Content/Functions/Engine_MaterialFunctions02/Utility/CameraDirectionVector.uasset" 187
"../../../Engine/Content/Functions/Engine_MaterialFunctions02/Utility/CameraDirectionVector.uexp" 188
"../../../Engine/Content/EngineDebugMaterials/VolumeToRender.uasset" 189
"../../../Engine/Content/EngineDebugMaterials/VolumeToRender.uexp" 190
"../../../Engine/Content/EngineDebugMaterials/M_VolumeRenderSphereTracePP.uasset" 191
"../../../Engine/Content/EngineDebugMaterials/M_VolumeRenderSphereTracePP.uexp" 192
"../../../Engine/Content/EngineDebugMaterials/M_SimpleUnlitTranslucent.uasset" 193
"../../../Engine/Content/EngineDebugMaterials/M_SimpleUnlitTranslucent.uexp" 194
"../../../Engine/Content/EngineDebugMaterials/DebugMeshMaterial.uasset" 195
"../../../Engine/Content/EngineDebugMaterials/DebugMeshMaterial.uexp" 196
"../../../Engine/Content/EngineDebugMaterials/DebugEditorMaterial.uasset" 197
"../../../Engine/Content/EngineDebugMaterials/DebugEditorMaterial.uexp" 198
"../../../Engine/Content/EngineDamageTypes/DmgTypeBP_Environmental.uasset" 199
"../../../Engine/Content/EngineDamageTypes/DmgTypeBP_Environmental.uexp" 200
"../../../Engine/Content/EditorResources/S_TriggerSphere.uasset" 201
"../../../Engine/Content/EditorResources/S_TriggerSphere.uexp" 202
"../../../Engine/Content/EditorResources/S_TriggerCapsule.uasset" 203
"../../../Engine/Content/EditorResources/S_TriggerCapsule.uexp" 204
"../../../Engine/Content/EditorResources/S_TriggerBox.uasset" 205
"../../../Engine/Content/EditorResources/S_TriggerBox.uexp" 206
"../../../Engine/Content/EditorResources/S_Trigger.ubulk" 207
"../../../Engine/Content/EditorResources/S_Trigger.uasset" 208
"../../../Engine/Content/EditorResources/S_Trigger.uexp" 209
"../../../Engine/Content/EditorResources/S_Terrain.ubulk" 210
"../../../Engine/Content/EditorResources/S_Terrain.uasset" 211
"../../../Engine/Content/EditorResources/S_Terrain.uexp" 212
"../../../Engine/Content/EditorResources/S_Solver.ubulk" 213
"../../../Engine/Content/EditorResources/S_Solver.uasset" 214
"../../../Engine/Content/EditorResources/S_Solver.uexp" 215
"../../../Engine/Content/EditorResources/S_BoxReflectionCapture.uasset" 216
"../../../Engine/Content/EditorResources/S_BoxReflectionCapture.uexp" 217
"../../../Engine/Content/EditorResources/S_Actor.ubulk" 218
"../../../Engine/Content/EditorResources/S_Actor.uasset" 219
"../../../Engine/Content/EditorResources/S_Actor.uexp" 220
"../../../Engine/Content/EditorResources/EmptyActor.uasset" 221
"../../../Engine/Content/EditorResources/EmptyActor.uexp" 222
"../../../Engine/Content/EditorResources/BSPVertex.uasset" 223
"../../../Engine/Content/EditorResources/BSPVertex.uexp" 224
"../../../Engine/Content/EditorResources/SequenceRecorder/RecordingIndicator.uasset" 225
"../../../Engine/Content/EditorResources/SequenceRecorder/RecordingIndicator.uexp" 226
"../../../Engine/Content/EditorResources/SequenceRecorder/Countdown.uasset" 227
"../../../Engine/Content/EditorResources/SequenceRecorder/Countdown.uexp" 228
"../../../Engine/Content/EditorMaterials/Camera/CineMat.uasset" 229
"../../../Engine/Content/EditorMaterials/Camera/CineMat.uexp" 230
"../../../Engine/Content/EditorMaterials/Camera/MI_CineMat_Rig.uasset" 231
"../../../Engine/Content/EditorMaterials/Camera/MI_CineMat_Rig.uexp" 232
"../../../Engine/Content/EditorMeshes/Camera/SM_RailRig_Track.ubulk" 233
"../../../Engine/Content/EditorMeshes/Camera/SM_RailRig_Track.uasset" 234
"../../../Engine/Content/EditorMeshes/Camera/SM_RailRig_Track.uexp" 235
"../../../Engine/Content/EditorMeshes/Camera/SM_RailRig_Mount.ubulk" 236
"../../../Engine/Content/EditorMeshes/Camera/SM_RailRig_Mount.uasset" 237
"../../../Engine/Content/EditorMeshes/Camera/SM_RailRig_Mount.uexp" 238
"../../../Engine/Content/EditorMeshes/Camera/SM_CraneRig_Mount.ubulk" 239
"../../../Engine/Content/EditorMeshes/Camera/SM_CraneRig_Mount.uasset" 240
"../../../Engine/Content/EditorMeshes/Camera/SM_CraneRig_Mount.uexp" 241
"../../../Engine/Content/EditorMeshes/Camera/SM_CraneRig_Body.ubulk" 242
"../../../Engine/Content/EditorMeshes/Camera/SM_CraneRig_Body.uasset" 243
"../../../Engine/Content/EditorMeshes/Camera/SM_CraneRig_Body.uexp" 244
"../../../Engine/Content/EditorMeshes/Camera/SM_CraneRig_Base.ubulk" 245
"../../../Engine/Content/EditorMeshes/Camera/SM_CraneRig_Base.uasset" 246
"../../../Engine/Content/EditorMeshes/Camera/SM_CraneRig_Base.uexp" 247
"../../../Engine/Content/EditorMeshes/Camera/SM_CraneRig_Arm.ubulk" 248
"../../../Engine/Content/EditorMeshes/Camera/SM_CraneRig_Arm.uasset" 249
"../../../Engine/Content/EditorMeshes/Camera/SM_CraneRig_Arm.uexp" 250
"../../../Engine/Content/EditorMaterials/PreviewShadowIndicator.ubulk" 251
"../../../Engine/Content/EditorMaterials/PreviewShadowIndicator.uasset" 252
"../../../Engine/Content/EditorMaterials/PreviewShadowIndicator.uexp" 253
"../../../Engine/Content/EditorMaterials/PreviewShadowIndicatorMaterial.uasset" 254
"../../../Engine/Content/EditorMaterials/PreviewShadowIndicatorMaterial.uexp" 255
"../../../Engine/Content/EditorMaterials/MAT_Groups_Visibility.uasset" 256
"../../../Engine/Content/EditorMaterials/MAT_Groups_Visibility.uexp" 257
"../../../Engine/Content/EditorMaterials/MAT_Groups_Toggle.uasset" 258
"../../../Engine/Content/EditorMaterials/MAT_Groups_Toggle.uexp" 259
"../../../Engine/Content/Functions/Engine_MaterialFunctions02/Utility/MakeFloat4.uasset" 260
"../../../Engine/Content/Functions/Engine_MaterialFunctions02/Utility/MakeFloat4.uexp" 261
"../../../Engine/Content/Functions/Engine_MaterialFunctions02/Utility/MakeFloat3.uasset" 262
"../../../Engine/Content/Functions/Engine_MaterialFunctions02/Utility/MakeFloat3.uexp" 263
"../../../Engine/Content/Functions/Engine_MaterialFunctions02/Utility/BreakOutFloat3Components.uasset" 264
"../../../Engine/Content/Functions/Engine_MaterialFunctions02/Utility/BreakOutFloat3Components.uexp" 265
"../../../Engine/Content/EditorMaterials/WorldPartition/WorldPartitionSpatialHashGridPreviewMaterial.uasset" 266
"../../../Engine/Content/EditorMaterials/WorldPartition/WorldPartitionSpatialHashGridPreviewMaterial.uexp" 267
"../../../Engine/Content/EditorMaterials/ParticleSystems/PSysThumbnail_OOD.ubulk" 268
"../../../Engine/Content/EditorMaterials/ParticleSystems/PSysThumbnail_OOD.uasset" 269
"../../../Engine/Content/EditorMaterials/ParticleSystems/PSysThumbnail_OOD.uexp" 270
"../../../Engine/Content/EditorMaterials/ParticleSystems/PSysThumbnail_NoImage.ubulk" 271
"../../../Engine/Content/EditorMaterials/ParticleSystems/PSysThumbnail_NoImage.uasset" 272
"../../../Engine/Content/EditorMaterials/ParticleSystems/PSysThumbnail_NoImage.uexp" 273
"../../../Engine/Content/EditorMaterials/MatineeGroups/MAT_Groups_Vector.uasset" 274
"../../../Engine/Content/EditorMaterials/MatineeGroups/MAT_Groups_Vector.uexp" 275
"../../../Engine/Content/EditorMaterials/MatineeGroups/MAT_Groups_Sound.uasset" 276
"../../../Engine/Content/EditorMaterials/MatineeGroups/MAT_Groups_Sound.uexp" 277
"../../../Engine/Content/EditorMaterials/MatineeGroups/MAT_Groups_Slomo.uasset" 278
"../../../Engine/Content/EditorMaterials/MatineeGroups/MAT_Groups_Slomo.uexp" 279
"../../../Engine/Content/EditorMaterials/MatineeGroups/MAT_Groups_Move.uasset" 280
"../../../Engine/Content/EditorMaterials/MatineeGroups/MAT_Groups_Move.uexp" 281
"../../../Engine/Content/EditorMaterials/MatineeGroups/MAT_Groups_Float.uasset" 282
"../../../Engine/Content/EditorMaterials/MatineeGroups/MAT_Groups_Float.uexp" 283
"../../../Engine/Content/EditorMaterials/MatineeGroups/MAT_Groups_Fade.uasset" 284
"../../../Engine/Content/EditorMaterials/MatineeGroups/MAT_Groups_Fade.uexp" 285
"../../../Engine/Content/EditorMaterials/MatineeGroups/MAT_Groups_Event.uasset" 286
"../../../Engine/Content/EditorMaterials/MatineeGroups/MAT_Groups_Event.uexp" 287
"../../../Engine/Content/EditorMaterials/MatineeGroups/MAT_Groups_Director.uasset" 288
"../../../Engine/Content/EditorMaterials/MatineeGroups/MAT_Groups_Director.uexp" 289
"../../../Engine/Content/EditorMaterials/MatineeGroups/MAT_Groups_AudioMaster.uasset" 290
"../../../Engine/Content/EditorMaterials/MatineeGroups/MAT_Groups_AudioMaster.uexp" 291
"../../../Engine/Content/EditorMaterials/MatineeGroups/MAT_Groups_Anim.uasset" 292
"../../../Engine/Content/EditorMaterials/MatineeGroups/MAT_Groups_Anim.uexp" 293
"../../../Engine/Content/EditorMaterials/MatineeGroups/MAT_ColorTrack.uasset" 294
"../../../Engine/Content/EditorMaterials/MatineeGroups/MAT_ColorTrack.uexp" 295
"../../../Engine/Content/EditorLandscapeResources/DefaultAlphaTexture.uasset" 296
"../../../Engine/Content/EditorLandscapeResources/DefaultAlphaTexture.uexp" 297
"../../../Engine/Content/EditorLandscapeResources/DataLayer.uasset" 298
"../../../Engine/Content/EditorLandscapeResources/DataLayer.uexp" 299
"../../../Engine/Content/EngineMaterials/T_Default_Material_Grid_M.ubulk" 300
"../../../Engine/Content/EngineMaterials/T_Default_Material_Grid_M.uasset" 301
"../../../Engine/Content/EngineMaterials/T_Default_Material_Grid_M.uexp" 302
"../../../Engine/Content/EngineMaterials/T_Default_Material_Grid_N.ubulk" 303
"../../../Engine/Content/EngineMaterials/T_Default_Material_Grid_N.uasset" 304
"../../../Engine/Content/EngineMaterials/T_Default_Material_Grid_N.uexp" 305
"../../../Engine/Content/Functions/Engine_MaterialFunctions01/Opacity/CameraDepthFade.uasset" 306
"../../../Engine/Content/Functions/Engine_MaterialFunctions01/Opacity/CameraDepthFade.uexp" 307
"../../../Engine/Content/EngineMaterials/DefaultMaterial.uasset" 308
"../../../Engine/Content/EngineMaterials/DefaultMaterial.uexp" 309
"../../../Engine/Content/BasicShapes/Sphere.ubulk" 310
"../../../Engine/Content/BasicShapes/Sphere.uasset" 311
"../../../Engine/Content/BasicShapes/Sphere.uexp" 312
"../../../Engine/Content/EngineMaterials/WorldGridMaterial.uasset" 313
"../../../Engine/Content/EngineMaterials/WorldGridMaterial.uexp" 314
"../../../Engine/Content/BasicShapes/Plane.ubulk" 315
"../../../Engine/Content/BasicShapes/Plane.uasset" 316
"../../../Engine/Content/BasicShapes/Plane.uexp" 317
"../../../Engine/Content/BasicShapes/Cone.ubulk" 318
"../../../Engine/Content/BasicShapes/Cone.uasset" 319
"../../../Engine/Content/BasicShapes/Cone.uexp" 320
"../../../Engine/Content/ArtTools/RenderToTexture/Meshes/S_1_Unit_Plane.ubulk" 321
"../../../Engine/Content/ArtTools/RenderToTexture/Meshes/S_1_Unit_Plane.uasset" 322
"../../../Engine/Content/ArtTools/RenderToTexture/Meshes/S_1_Unit_Plane.uexp" 323
"../../../Engine/Content/MobileResources/HUD/VirtualJoystick_Background.uasset" 324
"../../../Engine/Content/MobileResources/HUD/VirtualJoystick_Background.uexp" 325
"../../../Engine/Content/MobileResources/HUD/VirtualJoystick_Thumb.uasset" 326
"../../../Engine/Content/MobileResources/HUD/VirtualJoystick_Thumb.uexp" 327
"../../../Engine/Content/MobileResources/HUD/DefaultVirtualJoysticks.uasset" 328
"../../../Engine/Content/MobileResources/HUD/DefaultVirtualJoysticks.uexp" 329
"../../../Engine/Content/Tutorial/ContentIntroCurve.uasset" 330
"../../../Engine/Content/Tutorial/ContentIntroCurve.uexp" 331
"../../../Engine/Content/VREditor/TransformGizmo/Main.uasset" 332
"../../../Engine/Content/VREditor/TransformGizmo/Main.uexp" 333
"../../../Engine/Content/VREditor/TransformGizmo/Xray.uasset" 334
"../../../Engine/Content/VREditor/TransformGizmo/Xray.uexp" 335
"../../../Engine/Content/VREditor/TransformGizmo/SM_Sequencer_Node.ubulk" 336
"../../../Engine/Content/VREditor/TransformGizmo/SM_Sequencer_Node.uasset" 337
"../../../Engine/Content/VREditor/TransformGizmo/SM_Sequencer_Node.uexp" 338
"../../../Engine/Content/VREditor/LaserPointer/VR_LaserPower_01.ubulk" 339
"../../../Engine/Content/VREditor/LaserPointer/VR_LaserPower_01.uasset" 340
"../../../Engine/Content/VREditor/LaserPointer/VR_LaserPower_01.uexp" 341
"../../../Engine/Content/VREditor/TransformGizmo/TransformGizmoMaterial.uasset" 342
"../../../Engine/Content/VREditor/TransformGizmo/TransformGizmoMaterial.uexp" 343
"../../../Engine/Content/VREditor/TransformGizmo/TranslucentTransformGizmoMaterial.uasset" 344
"../../../Engine/Content/VREditor/TransformGizmo/TranslucentTransformGizmoMaterial.uexp" 345
"../../../Engine/Content/VREditor/TransformGizmo/PlaneTranslationHandle.ubulk" 346
"../../../Engine/Content/VREditor/TransformGizmo/PlaneTranslationHandle.uasset" 347
"../../../Engine/Content/VREditor/TransformGizmo/PlaneTranslationHandle.uexp" 348
"../../../Engine/Content/VREditor/TransformGizmo/BoundingBoxEdge.ubulk" 349
"../../../Engine/Content/VREditor/TransformGizmo/BoundingBoxEdge.uasset" 350
"../../../Engine/Content/VREditor/TransformGizmo/BoundingBoxEdge.uexp" 351
"../../../Engine/Content/VREditor/TransformGizmo/BoundingBoxCorner.ubulk" 352
"../../../Engine/Content/VREditor/TransformGizmo/BoundingBoxCorner.uasset" 353
"../../../Engine/Content/VREditor/TransformGizmo/BoundingBoxCorner.uexp" 354
"../../../Engine/Plugins/2D/Paper2D/Content/PlaceholderTextures/DummySpriteTexture.ubulk" 355
"../../../Engine/Plugins/2D/Paper2D/Content/PlaceholderTextures/DummySpriteTexture.uasset" 356
"../../../Engine/Plugins/2D/Paper2D/Content/PlaceholderTextures/DummySpriteTexture.uexp" 357
"../../../Engine/Plugins/2D/Paper2D/Content/DefaultSpriteMaterial.uasset" 358
"../../../Engine/Plugins/2D/Paper2D/Content/DefaultSpriteMaterial.uexp" 359
"../../../Engine/Plugins/2D/Paper2D/Content/OpaqueUnlitSpriteMaterial.uasset" 360
"../../../Engine/Plugins/2D/Paper2D/Content/OpaqueUnlitSpriteMaterial.uexp" 361
"../../../Engine/Plugins/2D/Paper2D/Content/MaskedUnlitSpriteMaterial.uasset" 362
"../../../Engine/Plugins/2D/Paper2D/Content/MaskedUnlitSpriteMaterial.uexp" 363
"../../../Engine/Plugins/2D/Paper2D/Content/DummySprite.uasset" 364
"../../../Engine/Plugins/2D/Paper2D/Content/DummySprite.uexp" 365
"../../../Engine/Plugins/2D/Paper2D/Content/DefaultPaperTerrainMaterial.uasset" 366
"../../../Engine/Plugins/2D/Paper2D/Content/DefaultPaperTerrainMaterial.uexp" 367
"../../../Engine/Plugins/Animation/ControlRig/Content/M_Manip.uasset" 368
"../../../Engine/Plugins/Animation/ControlRig/Content/M_Manip.uexp" 369
"../../../Engine/Plugins/Animation/ControlRig/Content/Controls/DefaultGizmoLibraryNormalized.uasset" 370
"../../../Engine/Plugins/Animation/ControlRig/Content/Controls/DefaultGizmoLibraryNormalized.uexp" 371
"../../../Engine/Plugins/Animation/ControlRig/Content/Controls/ControlRig_Wedge_solid.ubulk" 372
"../../../Engine/Plugins/Animation/ControlRig/Content/Controls/ControlRig_Wedge_solid.uasset" 373
"../../../Engine/Plugins/Animation/ControlRig/Content/Controls/ControlRig_Wedge_solid.uexp" 374
"../../../Engine/Plugins/Animation/ControlRig/Content/Controls/ControlRig_Wedge_3mm.ubulk" 375
"../../../Engine/Plugins/Animation/ControlRig/Content/Controls/ControlRig_Wedge_3mm.uasset" 376
"../../../Engine/Plugins/Animation/ControlRig/Content/Controls/ControlRig_Wedge_3mm.uexp" 377
"../../../Engine/Plugins/Animation/ControlRig/Content/Controls/ControlRig_Wedge_1mm.ubulk" 378
"../../../Engine/Plugins/Animation/ControlRig/Content/Controls/ControlRig_Wedge_1mm.uasset" 379
"../../../Engine/Plugins/Animation/ControlRig/Content/Controls/ControlRig_Wedge_1mm.uexp" 380
"../../../Engine/Plugins/Animation/ControlRig/Content/Controls/ControlRig_Triangle_solid.ubulk" 381
"../../../Engine/Plugins/Animation/ControlRig/Content/Controls/ControlRig_Triangle_solid.uasset" 382
"../../../Engine/Plugins/Animation/ControlRig/Content/Controls/ControlRig_Triangle_solid.uexp" 383
"../../../Engine/Plugins/Animation/ControlRig/Content/Controls/ControlRig_Triangle_3mm.ubulk" 384
"../../../Engine/Plugins/Animation/ControlRig/Content/Controls/ControlRig_Triangle_3mm.uasset" 385
"../../../Engine/Plugins/Animation/ControlRig/Content/Controls/ControlRig_Triangle_3mm.uexp" 386
"../../../Engine/Plugins/Animation/ControlRig/Content/Controls/ControlRig_Triangle_1mm.ubulk" 387
"../../../Engine/Plugins/Animation/ControlRig/Content/Controls/ControlRig_Triangle_1mm.uasset" 388
"../../../Engine/Plugins/Animation/ControlRig/Content/Controls/ControlRig_Triangle_1mm.uexp" 389
"../../../Engine/Plugins/Animation/ControlRig/Content/Controls/ControlRig_Star4_solid.ubulk" 390
"../../../Engine/Plugins/Animation/ControlRig/Content/Controls/ControlRig_Star4_solid.uasset" 391
"../../../Engine/Plugins/Animation/ControlRig/Content/Controls/ControlRig_Star4_solid.uexp" 392
"../../../Engine/Plugins/Animation/ControlRig/Content/Controls/ControlRig_Star4_3mm.ubulk" 393
"../../../Engine/Plugins/Animation/ControlRig/Content/Controls/ControlRig_Star4_3mm.uasset" 394
"../../../Engine/Plugins/Animation/ControlRig/Content/Controls/ControlRig_Star4_3mm.uexp" 395
"../../../Engine/Plugins/Animation/ControlRig/Content/Controls/ControlRig_Star4_1mm.ubulk" 396
"../../../Engine/Plugins/Animation/ControlRig/Content/Controls/ControlRig_Star4_1mm.uasset" 397
"../../../Engine/Plugins/Animation/ControlRig/Content/Controls/ControlRig_Star4_1mm.uexp" 398
"../../../Engine/Plugins/Animation/ControlRig/Content/Controls/ControlRig_Square_solid.ubulk" 399
"../../../Engine/Plugins/Animation/ControlRig/Content/Controls/ControlRig_Square_solid.uasset" 400
"../../../Engine/Plugins/Animation/ControlRig/Content/Controls/ControlRig_Square_solid.uexp" 401
"../../../Engine/Plugins/Animation/ControlRig/Content/Controls/ControlRig_Square_3mm.ubulk" 402
"../../../Engine/Plugins/Animation/ControlRig/Content/Controls/ControlRig_Square_3mm.uasset" 403
"../../../Engine/Plugins/Animation/ControlRig/Content/Controls/ControlRig_Square_3mm.uexp" 404
"../../../Engine/Plugins/Animation/ControlRig/Content/Controls/ControlRig_Square_1mm.ubulk" 405
"../../../Engine/Plugins/Animation/ControlRig/Content/Controls/ControlRig_Square_1mm.uasset" 406
"../../../Engine/Plugins/Animation/ControlRig/Content/Controls/ControlRig_Square_1mm.uexp" 407
"../../../Engine/Plugins/Animation/ControlRig/Content/Controls/ControlRig_Sphere_solid.ubulk" 408
"../../../Engine/Plugins/Animation/ControlRig/Content/Controls/ControlRig_Sphere_solid.uasset" 409
"../../../Engine/Plugins/Animation/ControlRig/Content/Controls/ControlRig_Sphere_solid.uexp" 410
"../../../Engine/Plugins/Animation/ControlRig/Content/Controls/ControlRig_Sphere_3mm.ubulk" 411
"../../../Engine/Plugins/Animation/ControlRig/Content/Controls/ControlRig_Sphere_3mm.uasset" 412
"../../../Engine/Plugins/Animation/ControlRig/Content/Controls/ControlRig_Sphere_3mm.uexp" 413
"../../../Engine/Plugins/Animation/ControlRig/Content/Controls/ControlRig_Sphere_1mm.ubulk" 414
"../../../Engine/Plugins/Animation/ControlRig/Content/Controls/ControlRig_Sphere_1mm.uasset" 415
"../../../Engine/Plugins/Animation/ControlRig/Content/Controls/ControlRig_Sphere_1mm.uexp" 416
"../../../Engine/Plugins/Animation/ControlRig/Content/Controls/ControlRig_RoundedTriangle_solid.ubulk" 417
"../../../Engine/Plugins/Animation/ControlRig/Content/Controls/ControlRig_RoundedTriangle_solid.uasset" 418
"../../../Engine/Plugins/Animation/ControlRig/Content/Controls/ControlRig_RoundedTriangle_solid.uexp" 419
"../../../Engine/Plugins/Animation/ControlRig/Content/Controls/ControlRig_RoundedTriangle_3mm.ubulk" 420
"../../../Engine/Plugins/Animation/ControlRig/Content/Controls/ControlRig_RoundedTriangle_3mm.uasset" 421
"../../../Engine/Plugins/Animation/ControlRig/Content/Controls/ControlRig_RoundedTriangle_3mm.uexp" 422
"../../../Engine/Plugins/Animation/ControlRig/Content/Controls/ControlRig_RoundedTriangle_1mm.ubulk" 423
"../../../Engine/Plugins/Animation/ControlRig/Content/Controls/ControlRig_RoundedTriangle_1mm.uasset" 424
"../../../Engine/Plugins/Animation/ControlRig/Content/Controls/ControlRig_RoundedTriangle_1mm.uexp" 425
"../../../Engine/Plugins/Animation/ControlRig/Content/Controls/ControlRig_RoundedSquare_solid.ubulk" 426
"../../../Engine/Plugins/Animation/ControlRig/Content/Controls/ControlRig_RoundedSquare_solid.uasset" 427
"../../../Engine/Plugins/Animation/ControlRig/Content/Controls/ControlRig_RoundedSquare_solid.uexp" 428
"../../../Engine/Plugins/Animation/ControlRig/Content/Controls/ControlRig_RoundedSquare_3mm.ubulk" 429
"../../../Engine/Plugins/Animation/ControlRig/Content/Controls/ControlRig_RoundedSquare_3mm.uasset" 430
"../../../Engine/Plugins/Animation/ControlRig/Content/Controls/ControlRig_RoundedSquare_3mm.uexp" 431
"../../../Engine/Plugins/Animation/ControlRig/Content/Controls/ControlRig_RoundedSquare_1mm.ubulk" 432
"../../../Engine/Plugins/Animation/ControlRig/Content/Controls/ControlRig_RoundedSquare_1mm.uasset" 433
"../../../Engine/Plugins/Animation/ControlRig/Content/Controls/ControlRig_RoundedSquare_1mm.uexp" 434
"../../../Engine/Plugins/Animation/ControlRig/Content/Controls/ControlRig_QuarterCircle_solid.ubulk" 435
"../../../Engine/Plugins/Animation/ControlRig/Content/Controls/ControlRig_QuarterCircle_solid.uasset" 436
"../../../Engine/Plugins/Animation/ControlRig/Content/Controls/ControlRig_QuarterCircle_solid.uexp" 437
"../../../Engine/Plugins/Animation/ControlRig/Content/Controls/ControlRig_QuarterCircle_3mm.ubulk" 438
"../../../Engine/Plugins/Animation/ControlRig/Content/Controls/ControlRig_QuarterCircle_3mm.uasset" 439
"../../../Engine/Plugins/Animation/ControlRig/Content/Controls/ControlRig_QuarterCircle_3mm.uexp" 440
"../../../Engine/Plugins/Animation/ControlRig/Content/Controls/ControlRig_QuarterCircle_1mm.ubulk" 441
"../../../Engine/Plugins/Animation/ControlRig/Content/Controls/ControlRig_QuarterCircle_1mm.uasset" 442
"../../../Engine/Plugins/Animation/ControlRig/Content/Controls/ControlRig_QuarterCircle_1mm.uexp" 443
"../../../Engine/Plugins/Animation/ControlRig/Content/Controls/ControlRig_Pyramid_solid.ubulk" 444
"../../../Engine/Plugins/Animation/ControlRig/Content/Controls/ControlRig_Pyramid_solid.uasset" 445
"../../../Engine/Plugins/Animation/ControlRig/Content/Controls/ControlRig_Pyramid_solid.uexp" 446
"../../../Engine/Plugins/Animation/ControlRig/Content/Controls/ControlRig_Pyramid_3mm.ubulk" 447
"../../../Engine/Plugins/Animation/ControlRig/Content/Controls/ControlRig_Pyramid_3mm.uasset" 448
"../../../Engine/Plugins/Animation/ControlRig/Content/Controls/ControlRig_Pyramid_3mm.uexp" 449
"../../../Engine/Plugins/Animation/ControlRig/Content/Controls/ControlRig_Pyramid_1mm.ubulk" 450
"../../../Engine/Plugins/Animation/ControlRig/Content/Controls/ControlRig_Pyramid_1mm.uasset" 451
"../../../Engine/Plugins/Animation/ControlRig/Content/Controls/ControlRig_Pyramid_1mm.uexp" 452
"../../../Engine/Plugins/Animation/ControlRig/Content/Controls/ControlRig_Octagon_solid.ubulk" 453
"../../../Engine/Plugins/Animation/ControlRig/Content/Controls/ControlRig_Octagon_solid.uasset" 454
"../../../Engine/Plugins/Animation/ControlRig/Content/Controls/ControlRig_Octagon_solid.uexp" 455
"../../../Engine/Plugins/Animation/ControlRig/Content/Controls/ControlRig_Octagon_3mm.ubulk" 456
"../../../Engine/Plugins/Animation/ControlRig/Content/Controls/ControlRig_Octagon_3mm.uasset" 457
"../../../Engine/Plugins/Animation/ControlRig/Content/Controls/ControlRig_Octagon_3mm.uexp" 458
"../../../Engine/Plugins/Animation/ControlRig/Content/Controls/ControlRig_Octagon_1mm.ubulk" 459
"../../../Engine/Plugins/Animation/ControlRig/Content/Controls/ControlRig_Octagon_1mm.uasset" 460
"../../../Engine/Plugins/Animation/ControlRig/Content/Controls/ControlRig_Octagon_1mm.uexp" 461
"../../../Engine/Plugins/Animation/ControlRig/Content/Controls/ControlRig_Hexagon_solid.ubulk" 462
"../../../Engine/Plugins/Animation/ControlRig/Content/Controls/ControlRig_Hexagon_solid.uasset" 463
"../../../Engine/Plugins/Animation/ControlRig/Content/Controls/ControlRig_Hexagon_solid.uexp" 464
"../../../Engine/Plugins/Animation/ControlRig/Content/Controls/ControlRig_Hexagon_3mm.ubulk" 465
"../../../Engine/Plugins/Animation/ControlRig/Content/Controls/ControlRig_Hexagon_3mm.uasset" 466
"../../../Engine/Plugins/Animation/ControlRig/Content/Controls/ControlRig_Hexagon_3mm.uexp" 467
"../../../Engine/Plugins/Animation/ControlRig/Content/Controls/ControlRig_Hexagon_1mm.ubulk" 468
"../../../Engine/Plugins/Animation/ControlRig/Content/Controls/ControlRig_Hexagon_1mm.uasset" 469
"../../../Engine/Plugins/Animation/ControlRig/Content/Controls/ControlRig_Hexagon_1mm.uexp" 470
"../../../Engine/Plugins/Animation/ControlRig/Content/Controls/ControlRig_HalfCircle_solid.ubulk" 471
"../../../Engine/Plugins/Animation/ControlRig/Content/Controls/ControlRig_HalfCircle_solid.uasset" 472
"../../../Engine/Plugins/Animation/ControlRig/Content/Controls/ControlRig_HalfCircle_solid.uexp" 473
"../../../Engine/Plugins/Animation/ControlRig/Content/Controls/ControlRig_HalfCircle_3mm.ubulk" 474
"../../../Engine/Plugins/Animation/ControlRig/Content/Controls/ControlRig_HalfCircle_3mm.uasset" 475
"../../../Engine/Plugins/Animation/ControlRig/Content/Controls/ControlRig_HalfCircle_3mm.uexp" 476
"../../../Engine/Plugins/Animation/ControlRig/Content/Controls/ControlRig_HalfCircle_1mm.ubulk" 477
"../../../Engine/Plugins/Animation/ControlRig/Content/Controls/ControlRig_HalfCircle_1mm.uasset" 478
"../../../Engine/Plugins/Animation/ControlRig/Content/Controls/ControlRig_HalfCircle_1mm.uexp" 479
"../../../Engine/Plugins/Animation/ControlRig/Content/Controls/ControlRig_Diamond_solid.ubulk" 480
"../../../Engine/Plugins/Animation/ControlRig/Content/Controls/ControlRig_Diamond_solid.uasset" 481
"../../../Engine/Plugins/Animation/ControlRig/Content/Controls/ControlRig_Diamond_solid.uexp" 482
"../../../Engine/Plugins/Animation/ControlRig/Content/Controls/ControlRig_Diamond_3mm.ubulk" 483
"../../../Engine/Plugins/Animation/ControlRig/Content/Controls/ControlRig_Diamond_3mm.uasset" 484
"../../../Engine/Plugins/Animation/ControlRig/Content/Controls/ControlRig_Diamond_3mm.uexp" 485
"../../../Engine/Plugins/Animation/ControlRig/Content/Controls/ControlRig_Diamond_1mm.ubulk" 486
"../../../Engine/Plugins/Animation/ControlRig/Content/Controls/ControlRig_Diamond_1mm.uasset" 487
"../../../Engine/Plugins/Animation/ControlRig/Content/Controls/ControlRig_Diamond_1mm.uexp" 488
"../../../Engine/Plugins/Animation/ControlRig/Content/Controls/ControlRig_Circle_solid.ubulk" 489
"../../../Engine/Plugins/Animation/ControlRig/Content/Controls/ControlRig_Circle_solid.uasset" 490
"../../../Engine/Plugins/Animation/ControlRig/Content/Controls/ControlRig_Circle_solid.uexp" 491
"../../../Engine/Plugins/Animation/ControlRig/Content/Controls/ControlRig_Circle_3mm.ubulk" 492
"../../../Engine/Plugins/Animation/ControlRig/Content/Controls/ControlRig_Circle_3mm.uasset" 493
"../../../Engine/Plugins/Animation/ControlRig/Content/Controls/ControlRig_Circle_3mm.uexp" 494
"../../../Engine/Plugins/Animation/ControlRig/Content/Controls/ControlRig_Circle_1mm.ubulk" 495
"../../../Engine/Plugins/Animation/ControlRig/Content/Controls/ControlRig_Circle_1mm.uasset" 496
"../../../Engine/Plugins/Animation/ControlRig/Content/Controls/ControlRig_Circle_1mm.uexp" 497
"../../../Engine/Plugins/Animation/ControlRig/Content/Controls/ControlRig_Box_solid.ubulk" 498
"../../../Engine/Plugins/Animation/ControlRig/Content/Controls/ControlRig_Box_solid.uasset" 499
"../../../Engine/Plugins/Animation/ControlRig/Content/Controls/ControlRig_Box_solid.uexp" 500
"../../../Engine/Plugins/Animation/ControlRig/Content/Controls/ControlRig_Box_3mm.ubulk" 501
"../../../Engine/Plugins/Animation/ControlRig/Content/Controls/ControlRig_Box_3mm.uasset" 502
"../../../Engine/Plugins/Animation/ControlRig/Content/Controls/ControlRig_Box_3mm.uexp" 503
"../../../Engine/Plugins/Animation/ControlRig/Content/Controls/ControlRig_Box_1mm.ubulk" 504
"../../../Engine/Plugins/Animation/ControlRig/Content/Controls/ControlRig_Box_1mm.uasset" 505
"../../../Engine/Plugins/Animation/ControlRig/Content/Controls/ControlRig_Box_1mm.uexp" 506
"../../../Engine/Plugins/Animation/ControlRig/Content/Controls/ControlRig_Arrow_solid.ubulk" 507
"../../../Engine/Plugins/Animation/ControlRig/Content/Controls/ControlRig_Arrow_solid.uasset" 508
"../../../Engine/Plugins/Animation/ControlRig/Content/Controls/ControlRig_Arrow_solid.uexp" 509
"../../../Engine/Plugins/Animation/ControlRig/Content/Controls/ControlRig_Arrow_3mm.ubulk" 510
"../../../Engine/Plugins/Animation/ControlRig/Content/Controls/ControlRig_Arrow_3mm.uasset" 511
"../../../Engine/Plugins/Animation/ControlRig/Content/Controls/ControlRig_Arrow_3mm.uexp" 512
"../../../Engine/Plugins/Animation/ControlRig/Content/Controls/ControlRig_Arrow_1mm.ubulk" 513
"../../../Engine/Plugins/Animation/ControlRig/Content/Controls/ControlRig_Arrow_1mm.uasset" 514
"../../../Engine/Plugins/Animation/ControlRig/Content/Controls/ControlRig_Arrow_1mm.uexp" 515
"../../../Engine/Plugins/Animation/ControlRig/Content/Controls/ControlRig_Arrow4_solid.ubulk" 516
"../../../Engine/Plugins/Animation/ControlRig/Content/Controls/ControlRig_Arrow4_solid.uasset" 517
"../../../Engine/Plugins/Animation/ControlRig/Content/Controls/ControlRig_Arrow4_solid.uexp" 518
"../../../Engine/Plugins/Animation/ControlRig/Content/Controls/ControlRig_Arrow4_3mm.ubulk" 519
"../../../Engine/Plugins/Animation/ControlRig/Content/Controls/ControlRig_Arrow4_3mm.uasset" 520
"../../../Engine/Plugins/Animation/ControlRig/Content/Controls/ControlRig_Arrow4_3mm.uexp" 521
"../../../Engine/Plugins/Animation/ControlRig/Content/Controls/ControlRig_Arrow4_1mm.ubulk" 522
"../../../Engine/Plugins/Animation/ControlRig/Content/Controls/ControlRig_Arrow4_1mm.uasset" 523
"../../../Engine/Plugins/Animation/ControlRig/Content/Controls/ControlRig_Arrow4_1mm.uexp" 524
"../../../Engine/Plugins/Animation/ControlRig/Content/Controls/ControlRig_Arrow2_solid.ubulk" 525
"../../../Engine/Plugins/Animation/ControlRig/Content/Controls/ControlRig_Arrow2_solid.uasset" 526
"../../../Engine/Plugins/Animation/ControlRig/Content/Controls/ControlRig_Arrow2_solid.uexp" 527
"../../../Engine/Plugins/Animation/ControlRig/Content/Controls/ControlRig_Arrow2_3mm.ubulk" 528
"../../../Engine/Plugins/Animation/ControlRig/Content/Controls/ControlRig_Arrow2_3mm.uasset" 529
"../../../Engine/Plugins/Animation/ControlRig/Content/Controls/ControlRig_Arrow2_3mm.uexp" 530
"../../../Engine/Plugins/Animation/ControlRig/Content/Controls/ControlRig_Arrow2_1mm.ubulk" 531
"../../../Engine/Plugins/Animation/ControlRig/Content/Controls/ControlRig_Arrow2_1mm.uasset" 532
"../../../Engine/Plugins/Animation/ControlRig/Content/Controls/ControlRig_Arrow2_1mm.uexp" 533
"../../../Engine/Plugins/Animation/ControlRig/Content/Controls/ControlRigGizmoMaterial.uasset" 534
"../../../Engine/Plugins/Animation/ControlRig/Content/Controls/ControlRigGizmoMaterial.uexp" 535
"../../../Engine/Plugins/Editor/SpeedTreeImporter/Content/SpeedTree9/game_wind_noise.ubulk" 536
"../../../Engine/Plugins/Editor/SpeedTreeImporter/Content/SpeedTree9/game_wind_noise.uasset" 537
"../../../Engine/Plugins/Editor/SpeedTreeImporter/Content/SpeedTree9/game_wind_noise.uexp" 538
"../../../Engine/Plugins/Editor/SpeedTreeImporter/Content/SpeedTree9/UnpackDirection.uasset" 539
"../../../Engine/Plugins/Editor/SpeedTreeImporter/Content/SpeedTree9/UnpackDirection.uexp" 540
"../../../Engine/Content/Functions/Engine_MaterialFunctions02/ObjectLocalBounds.uasset" 541
"../../../Engine/Content/Functions/Engine_MaterialFunctions02/ObjectLocalBounds.uexp" 542
"../../../Engine/Content/Functions/Engine_MaterialFunctions02/UVs/BoundingBoxBased_0-1_UVW.uasset" 543
"../../../Engine/Content/Functions/Engine_MaterialFunctions02/UVs/BoundingBoxBased_0-1_UVW.uexp" 544
"../../../Engine/Content/Functions/Engine_MaterialFunctions02/Utility/VectorLength.uasset" 545
"../../../Engine/Content/Functions/Engine_MaterialFunctions02/Utility/VectorLength.uexp" 546
"../../../Engine/Plugins/Editor/SpeedTreeImporter/Content/SpeedTree9/UnpackInteger3.uasset" 547
"../../../Engine/Plugins/Editor/SpeedTreeImporter/Content/SpeedTree9/UnpackInteger3.uexp" 548
"../../../Engine/Plugins/Editor/SpeedTreeImporter/Content/SpeedTree9/SpeedTreeCameraFacing.uasset" 549
"../../../Engine/Plugins/Editor/SpeedTreeImporter/Content/SpeedTree9/SpeedTreeCameraFacing.uexp" 550
"../../../Engine/Content/Functions/Engine_MaterialFunctions02/WorldPositionOffset/ObjectScale.uasset" 551
"../../../Engine/Content/Functions/Engine_MaterialFunctions02/WorldPositionOffset/ObjectScale.uexp" 552
"../../../Engine/Content/Functions/Engine_MaterialFunctions02/SafeNormalize.uasset" 553
"../../../Engine/Content/Functions/Engine_MaterialFunctions02/SafeNormalize.uexp" 554
"../../../Engine/Plugins/Editor/SpeedTreeImporter/Content/SpeedTree9/SpeedTreeWindMotion.uasset" 555
"../../../Engine/Plugins/Editor/SpeedTreeImporter/Content/SpeedTree9/SpeedTreeWindMotion.uexp" 556
"../../../Engine/Plugins/Editor/SpeedTreeImporter/Content/SpeedTree9/SpeedTreeBranchMotion.uasset" 557
"../../../Engine/Plugins/Editor/SpeedTreeImporter/Content/SpeedTree9/SpeedTreeBranchMotion.uexp" 558
"../../../Engine/Plugins/Editor/SpeedTreeImporter/Content/SpeedTree9/SpeedTreeWind.uasset" 559
"../../../Engine/Plugins/Editor/SpeedTreeImporter/Content/SpeedTree9/SpeedTreeWind.uexp" 560
"../../../Engine/Plugins/Editor/SpeedTreeImporter/Content/SpeedTree9/EmptyNormal.uasset" 561
"../../../Engine/Plugins/Editor/SpeedTreeImporter/Content/SpeedTree9/EmptyNormal.uexp" 562
"../../../Engine/Plugins/Editor/SpeedTreeImporter/Content/SpeedTree9/Empty.uasset" 563
"../../../Engine/Plugins/Editor/SpeedTreeImporter/Content/SpeedTree9/Empty.uexp" 564
"../../../Engine/Plugins/Editor/SpeedTreeImporter/Content/SpeedTree9/SpeedTreeMaster.uasset" 565
"../../../Engine/Plugins/Editor/SpeedTreeImporter/Content/SpeedTree9/SpeedTreeMaster.uexp" 566
"../../../Engine/Plugins/Editor/SpeedTreeImporter/Content/SpeedTree9/SpeedTreeBillboard.uasset" 567
"../../../Engine/Plugins/Editor/SpeedTreeImporter/Content/SpeedTree9/SpeedTreeBillboard.uexp" 568
"../../../Engine/Plugins/Editor/SpeedTreeImporter/Content/SpeedTree9/SpeedTreeBillboardMaster.uasset" 569
"../../../Engine/Plugins/Editor/SpeedTreeImporter/Content/SpeedTree9/SpeedTreeBillboardMaster.uexp" 570
"../../../Engine/Plugins/Runtime/HairStrands/Content/Materials/HairMeshesDefaultMaterial.uasset" 571
"../../../Engine/Plugins/Runtime/HairStrands/Content/Materials/HairMeshesDefaultMaterial.uexp" 572
"../../../Engine/Plugins/Runtime/HairStrands/Content/Materials/HairDefaultMaterial.uasset" 573
"../../../Engine/Plugins/Runtime/HairStrands/Content/Materials/HairDefaultMaterial.uexp" 574
"../../../Engine/Plugins/Runtime/HairStrands/Content/Materials/HairGroupColors.uasset" 575
"../../../Engine/Plugins/Runtime/HairStrands/Content/Materials/HairGroupColors.uexp" 576
"../../../Engine/Content/EngineMaterials/HairColorMap.uasset" 577
"../../../Engine/Content/EngineMaterials/HairColorMap.uexp" 578
"../../../Engine/Content/EngineMaterials/HairDebugColor.uasset" 579
"../../../Engine/Content/EngineMaterials/HairDebugColor.uexp" 580
"../../../Engine/Plugins/Runtime/HairStrands/Content/Materials/HairDebugMaterial.uasset" 581
"../../../Engine/Plugins/Runtime/HairStrands/Content/Materials/HairDebugMaterial.uexp" 582
"../../../Engine/Plugins/Runtime/HairStrands/Content/Materials/HairCardsDefaultMaterial.uasset" 583
"../../../Engine/Plugins/Runtime/HairStrands/Content/Materials/HairCardsDefaultMaterial.uexp" 584
"../../../Engine/Content/Animation/DefaultAnimCurveCompressionSettings.uasset" 585
"../../../Engine/Content/Animation/DefaultAnimCurveCompressionSettings.uexp" 586
"../../../Engine/Content/Animation/DefaultAnimBoneCompressionSettings.uasset" 587
"../../../Engine/Content/Animation/DefaultAnimBoneCompressionSettings.uexp" 588
"D:/Student-projects/Unchained_What_I_Made_Sources/MyProject/Content/FirstPersonArms/Character/Mesh/SK_Mannequin_Arms_Skeleton.uasset" 589
"D:/Student-projects/Unchained_What_I_Made_Sources/MyProject/Content/FirstPersonArms/Character/Mesh/SK_Mannequin_Arms_Skeleton.uexp" 590
"D:/Student-projects/Unchained_What_I_Made_Sources/MyProject/Content/FirstPersonArms/Animations/FirstPerson_Fire.uasset" 591
"D:/Student-projects/Unchained_What_I_Made_Sources/MyProject/Content/FirstPersonArms/Animations/FirstPerson_Fire.uexp" 592
"D:/Student-projects/Unchained_What_I_Made_Sources/MyProject/Content/FirstPersonArms/Animations/FirstPersonFire_Montage.uasset" 593
"D:/Student-projects/Unchained_What_I_Made_Sources/MyProject/Content/FirstPersonArms/Animations/FirstPersonFire_Montage.uexp" 594
"D:/Student-projects/Unchained_What_I_Made_Sources/MyProject/Content/FPWeapon/Mesh/SK_FPGun_Skeleton.uasset" 595
"D:/Student-projects/Unchained_What_I_Made_Sources/MyProject/Content/FPWeapon/Mesh/SK_FPGun_Skeleton.uexp" 596
"D:/Student-projects/Unchained_What_I_Made_Sources/MyProject/Content/FPWeapon/Materials/MaterialLayers/T_ML_Rubber_Blue_01_D.ubulk" 597
"D:/Student-projects/Unchained_What_I_Made_Sources/MyProject/Content/FPWeapon/Materials/MaterialLayers/T_ML_Rubber_Blue_01_D.uasset" 598
"D:/Student-projects/Unchained_What_I_Made_Sources/MyProject/Content/FPWeapon/Materials/MaterialLayers/T_ML_Rubber_Blue_01_D.uexp" 599
"D:/Student-projects/Unchained_What_I_Made_Sources/MyProject/Content/FPWeapon/Textures/T_FPGun_N.ubulk" 600
"D:/Student-projects/Unchained_What_I_Made_Sources/MyProject/Content/FPWeapon/Textures/T_FPGun_N.uasset" 601
"D:/Student-projects/Unchained_What_I_Made_Sources/MyProject/Content/FPWeapon/Textures/T_FPGun_N.uexp" 602
"../../../Engine/Content/Functions/Engine_MaterialFunctions02/Utility/BlendAngleCorrectedNormals.uasset" 603
"../../../Engine/Content/Functions/Engine_MaterialFunctions02/Utility/BlendAngleCorrectedNormals.uexp" 604
"../../../Engine/Content/Functions/MaterialLayerFunctions/MatLayerBlend_NormalBlend.uasset" 605
"../../../Engine/Content/Functions/MaterialLayerFunctions/MatLayerBlend_NormalBlend.uexp" 606
"D:/Student-projects/Unchained_What_I_Made_Sources/MyProject/Content/FPWeapon/Materials/MaterialLayers/T_ML_Rubber_Blue_01_N.ubulk" 607
"D:/Student-projects/Unchained_What_I_Made_Sources/MyProject/Content/FPWeapon/Materials/MaterialLayers/T_ML_Rubber_Blue_01_N.uasset" 608
"D:/Student-projects/Unchained_What_I_Made_Sources/MyProject/Content/FPWeapon/Materials/MaterialLayers/T_ML_Rubber_Blue_01_N.uexp" 609
"D:/Student-projects/Unchained_What_I_Made_Sources/MyProject/Content/FPWeapon/Materials/MaterialLayers/ML_Screen.uasset" 610
"D:/Student-projects/Unchained_What_I_Made_Sources/MyProject/Content/FPWeapon/Materials/MaterialLayers/ML_Screen.uexp" 611
"D:/Student-projects/Unchained_What_I_Made_Sources/MyProject/Content/FPWeapon/Materials/MaterialLayers/T_ML_Aluminum01_N.ubulk" 612
"D:/Student-projects/Unchained_What_I_Made_Sources/MyProject/Content/FPWeapon/Materials/MaterialLayers/T_ML_Aluminum01_N.uasset" 613
"D:/Student-projects/Unchained_What_I_Made_Sources/MyProject/Content/FPWeapon/Materials/MaterialLayers/T_ML_Aluminum01_N.uexp" 614
"D:/Student-projects/Unchained_What_I_Made_Sources/MyProject/Content/FPWeapon/Materials/MaterialLayers/T_ML_Aluminum01.ubulk" 615
"D:/Student-projects/Unchained_What_I_Made_Sources/MyProject/Content/FPWeapon/Materials/MaterialLayers/T_ML_Aluminum01.uasset" 616
"D:/Student-projects/Unchained_What_I_Made_Sources/MyProject/Content/FPWeapon/Materials/MaterialLayers/T_ML_Aluminum01.uexp" 617
"D:/Student-projects/Unchained_What_I_Made_Sources/MyProject/Content/FPWeapon/Materials/MaterialLayers/ML_SoftMetal_UE4.uasset" 618
"D:/Student-projects/Unchained_What_I_Made_Sources/MyProject/Content/FPWeapon/Materials/MaterialLayers/ML_SoftMetal_UE4.uexp" 619
"../../../Engine/Content/Functions/MaterialLayerFunctions/MatLayerBlend_Simple.uasset" 620
"../../../Engine/Content/Functions/MaterialLayerFunctions/MatLayerBlend_Simple.uexp" 621
"D:/Student-projects/Unchained_What_I_Made_Sources/MyProject/Content/FPWeapon/Textures/T_FPGun_M.ubulk" 622
"D:/Student-projects/Unchained_What_I_Made_Sources/MyProject/Content/FPWeapon/Textures/T_FPGun_M.uasset" 623
"D:/Student-projects/Unchained_What_I_Made_Sources/MyProject/Content/FPWeapon/Textures/T_FPGun_M.uexp" 624
"D:/Student-projects/Unchained_What_I_Made_Sources/MyProject/Content/FPWeapon/Materials/MaterialLayers/ML_Plastic_Shiny_Beige.uasset" 625
"D:/Student-projects/Unchained_What_I_Made_Sources/MyProject/Content/FPWeapon/Materials/MaterialLayers/ML_Plastic_Shiny_Beige.uexp" 626
"D:/Student-projects/Unchained_What_I_Made_Sources/MyProject/Content/FPWeapon/Materials/MaterialLayers/ML_GlossyBlack_Latex_UE4.uasset" 627
"D:/Student-projects/Unchained_What_I_Made_Sources/MyProject/Content/FPWeapon/Materials/MaterialLayers/ML_GlossyBlack_Latex_UE4.uexp" 628
"D:/Student-projects/Unchained_What_I_Made_Sources/MyProject/Content/FPWeapon/Materials/M_FPGun.uasset" 629
"D:/Student-projects/Unchained_What_I_Made_Sources/MyProject/Content/FPWeapon/Materials/M_FPGun.uexp" 630
"D:/Student-projects/Unchained_What_I_Made_Sources/MyProject/Content/FPWeapon/Mesh/SK_FPGun_Physics.uasset" 631
"D:/Student-projects/Unchained_What_I_Made_Sources/MyProject/Content/FPWeapon/Mesh/SK_FPGun_Physics.uexp" 632
"D:/Student-projects/Unchained_What_I_Made_Sources/MyProject/Content/FPWeapon/Mesh/SK_FPGun.uasset" 633
"D:/Student-projects/Unchained_What_I_Made_Sources/MyProject/Content/FPWeapon/Mesh/SK_FPGun.uexp" 634
"D:/Student-projects/Unchained_What_I_Made_Sources/MyProject/Content/FPWeapon/Audio/FirstPersonTemplateWeaponFire02.ubulk" 635
"D:/Student-projects/Unchained_What_I_Made_Sources/MyProject/Content/FPWeapon/Audio/FirstPersonTemplateWeaponFire02.uasset" 636
"D:/Student-projects/Unchained_What_I_Made_Sources/MyProject/Content/FPWeapon/Audio/FirstPersonTemplateWeaponFire02.uexp" 637
"D:/Student-projects/Unchained_What_I_Made_Sources/MyProject/Content/UI/3DGunUI.uasset" 638
"D:/Student-projects/Unchained_What_I_Made_Sources/MyProject/Content/UI/3DGunUI.uexp" 639
"D:/Student-projects/Unchained_What_I_Made_Sources/MyProject/Content/FPWeapon/Materials/BaseMaterial.uasset" 640
"D:/Student-projects/Unchained_What_I_Made_Sources/MyProject/Content/FPWeapon/Materials/BaseMaterial.uexp" 641
"D:/Student-projects/Unchained_What_I_Made_Sources/MyProject/Content/FPWeapon/Materials/FirstPersonProjectileMaterial.uasset" 642
"D:/Student-projects/Unchained_What_I_Made_Sources/MyProject/Content/FPWeapon/Materials/FirstPersonProjectileMaterial.uexp" 643
"D:/Student-projects/Unchained_What_I_Made_Sources/MyProject/Content/FPWeapon/Mesh/FirstPersonProjectileMesh.ubulk" 644
"D:/Student-projects/Unchained_What_I_Made_Sources/MyProject/Content/FPWeapon/Mesh/FirstPersonProjectileMesh.uasset" 645
"D:/Student-projects/Unchained_What_I_Made_Sources/MyProject/Content/FPWeapon/Mesh/FirstPersonProjectileMesh.uexp" 646
"D:/Student-projects/Unchained_What_I_Made_Sources/MyProject/Content/FirstPerson/Blueprints/BP_FirstPersonProjectile.uasset" 647
"D:/Student-projects/Unchained_What_I_Made_Sources/MyProject/Content/FirstPerson/Blueprints/BP_FirstPersonProjectile.uexp" 648
"D:/Student-projects/Unchained_What_I_Made_Sources/MyProject/Content/FirstPerson/Blueprints/BP_Rifle.uasset" 649
"D:/Student-projects/Unchained_What_I_Made_Sources/MyProject/Content/FirstPerson/Blueprints/BP_Rifle.uexp" 650
"D:/Student-projects/Unchained_What_I_Made_Sources/MyProject/Content/FirstPerson/Maps/FirstPersonMap_BuiltData.ubulk" 651
"D:/Student-projects/Unchained_What_I_Made_Sources/MyProject/Content/FirstPerson/Maps/FirstPersonMap_BuiltData.uasset" 652
"D:/Student-projects/Unchained_What_I_Made_Sources/MyProject/Content/FirstPerson/Maps/FirstPersonMap_BuiltData.uexp" 653
"D:/Student-projects/Unchained_What_I_Made_Sources/MyProject/Content/FPWeapon/Materials/MaterialLayers/T_ML_FineRubber.ubulk" 654
"D:/Student-projects/Unchained_What_I_Made_Sources/MyProject/Content/FPWeapon/Materials/MaterialLayers/T_ML_FineRubber.uasset" 655
"D:/Student-projects/Unchained_What_I_Made_Sources/MyProject/Content/FPWeapon/Materials/MaterialLayers/T_ML_FineRubber.uexp" 656
"D:/Student-projects/Unchained_What_I_Made_Sources/MyProject/Content/FPWeapon/Mesh/SK_FPGun_PhysicsAsset.uasset" 657
"D:/Student-projects/Unchained_What_I_Made_Sources/MyProject/Content/FPWeapon/Mesh/SK_FPGun_PhysicsAsset.uexp" 658
"D:/Student-projects/Unchained_What_I_Made_Sources/MyProject/Content/LevelPrototyping/Textures/T_GridChecker_A.ubulk" 659
"D:/Student-projects/Unchained_What_I_Made_Sources/MyProject/Content/LevelPrototyping/Textures/T_GridChecker_A.uasset" 660
"D:/Student-projects/Unchained_What_I_Made_Sources/MyProject/Content/LevelPrototyping/Textures/T_GridChecker_A.uexp" 661
"../../../Engine/Content/Functions/Engine_MaterialFunctions01/Gradient/LinearGradient.uasset" 662
"../../../Engine/Content/Functions/Engine_MaterialFunctions01/Gradient/LinearGradient.uexp" 663
"../../../Engine/Content/Functions/Engine_MaterialFunctions01/ImageAdjustment/CheapContrast.uasset" 664
"../../../Engine/Content/Functions/Engine_MaterialFunctions01/ImageAdjustment/CheapContrast.uexp" 665
"D:/Student-projects/Unchained_What_I_Made_Sources/MyProject/Content/LevelPrototyping/Materials/MF_ProcGrid.uasset" 666
"D:/Student-projects/Unchained_What_I_Made_Sources/MyProject/Content/LevelPrototyping/Materials/MF_ProcGrid.uexp" 667
"D:/Student-projects/Unchained_What_I_Made_Sources/MyProject/Content/LevelPrototyping/Materials/M_PrototypeGrid.uasset" 668
"D:/Student-projects/Unchained_What_I_Made_Sources/MyProject/Content/LevelPrototyping/Materials/M_PrototypeGrid.uexp" 669
"D:/Student-projects/Unchained_What_I_Made_Sources/MyProject/Content/LevelPrototyping/Materials/MI_PrototypeGrid_TopDark.uasset" 670
"D:/Student-projects/Unchained_What_I_Made_Sources/MyProject/Content/LevelPrototyping/Materials/MI_PrototypeGrid_TopDark.uexp" 671
"D:/Student-projects/Unchained_What_I_Made_Sources/MyProject/Content/LevelPrototyping/Materials/MI_PrototypeGrid_Gray_02.uasset" 672
"D:/Student-projects/Unchained_What_I_Made_Sources/MyProject/Content/LevelPrototyping/Materials/MI_PrototypeGrid_Gray_02.uexp" 673
"D:/Student-projects/Unchained_What_I_Made_Sources/MyProject/Content/LevelPrototyping/Materials/MI_PrototypeGrid_Gray.uasset" 674
"D:/Student-projects/Unchained_What_I_Made_Sources/MyProject/Content/LevelPrototyping/Materials/MI_PrototypeGrid_Gray.uexp" 675
"D:/Student-projects/Unchained_What_I_Made_Sources/MyProject/Content/LevelPrototyping/Meshes/SM_Ramp.ubulk" 676
"D:/Student-projects/Unchained_What_I_Made_Sources/MyProject/Content/LevelPrototyping/Meshes/SM_Ramp.uasset" 677
"D:/Student-projects/Unchained_What_I_Made_Sources/MyProject/Content/LevelPrototyping/Meshes/SM_Ramp.uexp" 678
"D:/Student-projects/Unchained_What_I_Made_Sources/MyProject/Content/LevelPrototyping/Meshes/SM_QuarterCylinder.ubulk" 679
"D:/Student-projects/Unchained_What_I_Made_Sources/MyProject/Content/LevelPrototyping/Meshes/SM_QuarterCylinder.uasset" 680
"D:/Student-projects/Unchained_What_I_Made_Sources/MyProject/Content/LevelPrototyping/Meshes/SM_QuarterCylinder.uexp" 681
"D:/Student-projects/Unchained_What_I_Made_Sources/MyProject/Content/LevelPrototyping/Meshes/SM_Cylinder.ubulk" 682
"D:/Student-projects/Unchained_What_I_Made_Sources/MyProject/Content/LevelPrototyping/Meshes/SM_Cylinder.uasset" 683
"D:/Student-projects/Unchained_What_I_Made_Sources/MyProject/Content/LevelPrototyping/Meshes/SM_Cylinder.uexp" 684
"D:/Student-projects/Unchained_What_I_Made_Sources/MyProject/Content/LevelPrototyping/Meshes/SM_Cube.ubulk" 685
"D:/Student-projects/Unchained_What_I_Made_Sources/MyProject/Content/LevelPrototyping/Meshes/SM_Cube.uasset" 686
"D:/Student-projects/Unchained_What_I_Made_Sources/MyProject/Content/LevelPrototyping/Meshes/SM_Cube.uexp" 687
"D:/Student-projects/Unchained_What_I_Made_Sources/MyProject/Content/LevelPrototyping/Materials/M_Solid.uasset" 688
"D:/Student-projects/Unchained_What_I_Made_Sources/MyProject/Content/LevelPrototyping/Materials/M_Solid.uexp" 689
"D:/Student-projects/Unchained_What_I_Made_Sources/MyProject/Content/LevelPrototyping/Materials/MI_Solid_Blue.uasset" 690
"D:/Student-projects/Unchained_What_I_Made_Sources/MyProject/Content/LevelPrototyping/Materials/MI_Solid_Blue.uexp" 691
"D:/Student-projects/Unchained_What_I_Made_Sources/MyProject/Content/LevelPrototyping/Meshes/SM_ChamferCube.ubulk" 692
"D:/Student-projects/Unchained_What_I_Made_Sources/MyProject/Content/LevelPrototyping/Meshes/SM_ChamferCube.uasset" 693
"D:/Student-projects/Unchained_What_I_Made_Sources/MyProject/Content/LevelPrototyping/Meshes/SM_ChamferCube.uexp" 694
"../../../Engine/Content/BasicShapes/Cylinder.ubulk" 695
"../../../Engine/Content/BasicShapes/Cylinder.uasset" 696
"../../../Engine/Content/BasicShapes/Cylinder.uexp" 697
"D:/Student-projects/Unchained_What_I_Made_Sources/MyProject/Content/RoomsManagement/UselessObjectForSpawn.uasset" 698
"D:/Student-projects/Unchained_What_I_Made_Sources/MyProject/Content/RoomsManagement/UselessObjectForSpawn.uexp" 699
"../../../Engine/Content/BasicShapes/Cube.ubulk" 700
"../../../Engine/Content/BasicShapes/Cube.uasset" 701
"../../../Engine/Content/BasicShapes/Cube.uexp" 702
"../../../Engine/Content/BasicShapes/BasicShapeMaterial.uasset" 703
"../../../Engine/Content/BasicShapes/BasicShapeMaterial.uexp" 704
"D:/Student-projects/Unchained_What_I_Made_Sources/MyProject/Content/FirstPersonArms/Character/Materials/MaterialLayers/T_ML_Rubber_Blue_01_N.ubulk" 705
"D:/Student-projects/Unchained_What_I_Made_Sources/MyProject/Content/FirstPersonArms/Character/Materials/MaterialLayers/T_ML_Rubber_Blue_01_N.uasset" 706
"D:/Student-projects/Unchained_What_I_Made_Sources/MyProject/Content/FirstPersonArms/Character/Materials/MaterialLayers/T_ML_Rubber_Blue_01_N.uexp" 707
"D:/Student-projects/Unchained_What_I_Made_Sources/MyProject/Content/FirstPersonArms/Character/Materials/MaterialLayers/T_ML_Rubber_Blue_01_D.ubulk" 708
"D:/Student-projects/Unchained_What_I_Made_Sources/MyProject/Content/FirstPersonArms/Character/Materials/MaterialLayers/T_ML_Rubber_Blue_01_D.uasset" 709
"D:/Student-projects/Unchained_What_I_Made_Sources/MyProject/Content/FirstPersonArms/Character/Materials/MaterialLayers/T_ML_Rubber_Blue_01_D.uexp" 710
"D:/Student-projects/Unchained_What_I_Made_Sources/MyProject/Content/FirstPersonArms/Character/Materials/MaterialLayers/ML_GlossyBlack_Latex_UE4.uasset" 711
"D:/Student-projects/Unchained_What_I_Made_Sources/MyProject/Content/FirstPersonArms/Character/Materials/MaterialLayers/ML_GlossyBlack_Latex_UE4.uexp" 712
"D:/Student-projects/Unchained_What_I_Made_Sources/MyProject/Content/FirstPersonArms/Character/Textures/UE4_Mannequin_MAT_MASKA.ubulk" 713
"D:/Student-projects/Unchained_What_I_Made_Sources/MyProject/Content/FirstPersonArms/Character/Textures/UE4_Mannequin_MAT_MASKA.uasset" 714
"D:/Student-projects/Unchained_What_I_Made_Sources/MyProject/Content/FirstPersonArms/Character/Textures/UE4_Mannequin_MAT_MASKA.uexp" 715
"D:/Student-projects/Unchained_What_I_Made_Sources/MyProject/Content/FirstPersonArms/Character/Textures/UE4_LOGO_CARD.ubulk" 716
"D:/Student-projects/Unchained_What_I_Made_Sources/MyProject/Content/FirstPersonArms/Character/Textures/UE4_LOGO_CARD.uasset" 717
"D:/Student-projects/Unchained_What_I_Made_Sources/MyProject/Content/FirstPersonArms/Character/Textures/UE4_LOGO_CARD.uexp" 718
"D:/Student-projects/Unchained_What_I_Made_Sources/MyProject/Content/FirstPersonArms/Character/Materials/MaterialLayers/ML_Plastic_Shiny_Beige_LOGO.uasset" 719
"D:/Student-projects/Unchained_What_I_Made_Sources/MyProject/Content/FirstPersonArms/Character/Materials/MaterialLayers/ML_Plastic_Shiny_Beige_LOGO.uexp" 720
"D:/Student-projects/Unchained_What_I_Made_Sources/MyProject/Content/FirstPersonArms/Character/Materials/MaterialLayers/T_ML_Aluminum01.ubulk" 721
"D:/Student-projects/Unchained_What_I_Made_Sources/MyProject/Content/FirstPersonArms/Character/Materials/MaterialLayers/T_ML_Aluminum01.uasset" 722
"D:/Student-projects/Unchained_What_I_Made_Sources/MyProject/Content/FirstPersonArms/Character/Materials/MaterialLayers/T_ML_Aluminum01.uexp" 723
"D:/Student-projects/Unchained_What_I_Made_Sources/MyProject/Content/FirstPersonArms/Character/Materials/MaterialLayers/T_ML_Aluminum01_N.ubulk" 724
"D:/Student-projects/Unchained_What_I_Made_Sources/MyProject/Content/FirstPersonArms/Character/Materials/MaterialLayers/T_ML_Aluminum01_N.uasset" 725
"D:/Student-projects/Unchained_What_I_Made_Sources/MyProject/Content/FirstPersonArms/Character/Materials/MaterialLayers/T_ML_Aluminum01_N.uexp" 726
"D:/Student-projects/Unchained_What_I_Made_Sources/MyProject/Content/FirstPersonArms/Character/Materials/MaterialLayers/ML_SoftMetal_UE4.uasset" 727
"D:/Student-projects/Unchained_What_I_Made_Sources/MyProject/Content/FirstPersonArms/Character/Materials/MaterialLayers/ML_SoftMetal_UE4.uexp" 728
"D:/Student-projects/Unchained_What_I_Made_Sources/MyProject/Content/FirstPersonArms/Character/Materials/MaterialLayers/ML_Plastic_Shiny_Beige.uasset" 729
"D:/Student-projects/Unchained_What_I_Made_Sources/MyProject/Content/FirstPersonArms/Character/Materials/MaterialLayers/ML_Plastic_Shiny_Beige.uexp" 730
"D:/Student-projects/Unchained_What_I_Made_Sources/MyProject/Content/FirstPersonArms/Character/Textures/UE4_Mannequin__normals.ubulk" 731
"D:/Student-projects/Unchained_What_I_Made_Sources/MyProject/Content/FirstPersonArms/Character/Textures/UE4_Mannequin__normals.uasset" 732
"D:/Student-projects/Unchained_What_I_Made_Sources/MyProject/Content/FirstPersonArms/Character/Textures/UE4_Mannequin__normals.uexp" 733
"D:/Student-projects/Unchained_What_I_Made_Sources/MyProject/Content/FirstPersonArms/Character/Materials/M_UE4Man_Body.uasset" 734
"D:/Student-projects/Unchained_What_I_Made_Sources/MyProject/Content/FirstPersonArms/Character/Materials/M_UE4Man_Body.uexp" 735
"D:/Student-projects/Unchained_What_I_Made_Sources/MyProject/Content/FirstPersonArms/Character/Mesh/SK_Mannequin_Arms_PhysicsAsset.uasset" 736
"D:/Student-projects/Unchained_What_I_Made_Sources/MyProject/Content/FirstPersonArms/Character/Mesh/SK_Mannequin_Arms_PhysicsAsset.uexp" 737
"D:/Student-projects/Unchained_What_I_Made_Sources/MyProject/Content/FirstPersonArms/Character/Mesh/SK_Mannequin_Arms.uasset" 738
"D:/Student-projects/Unchained_What_I_Made_Sources/MyProject/Content/FirstPersonArms/Character/Mesh/SK_Mannequin_Arms.uexp" 739
"D:/Student-projects/Unchained_What_I_Made_Sources/MyProject/Content/FirstPersonArms/Animations/FirstPerson_JumpLoop.uasset" 740
"D:/Student-projects/Unchained_What_I_Made_Sources/MyProject/Content/FirstPersonArms/Animations/FirstPerson_JumpLoop.uexp" 741
"D:/Student-projects/Unchained_What_I_Made_Sources/MyProject/Content/FirstPersonArms/Animations/FirstPerson_Run.uasset" 742
"D:/Student-projects/Unchained_What_I_Made_Sources/MyProject/Content/FirstPersonArms/Animations/FirstPerson_Run.uexp" 743
"D:/Student-projects/Unchained_What_I_Made_Sources/MyProject/Content/FirstPersonArms/Animations/FirstPerson_JumpEnd.uasset" 744
"D:/Student-projects/Unchained_What_I_Made_Sources/MyProject/Content/FirstPersonArms/Animations/FirstPerson_JumpEnd.uexp" 745
"D:/Student-projects/Unchained_What_I_Made_Sources/MyProject/Content/FirstPersonArms/Animations/FirstPerson_Idle.uasset" 746
"D:/Student-projects/Unchained_What_I_Made_Sources/MyProject/Content/FirstPersonArms/Animations/FirstPerson_Idle.uexp" 747
"D:/Student-projects/Unchained_What_I_Made_Sources/MyProject/Content/FirstPersonArms/Animations/FirstPerson_JumpStart.uasset" 748
"D:/Student-projects/Unchained_What_I_Made_Sources/MyProject/Content/FirstPersonArms/Animations/FirstPerson_JumpStart.uexp" 749
"../../../Engine/Content/EditorBlueprintResources/StandardMacros.uasset" 750
"../../../Engine/Content/EditorBlueprintResources/StandardMacros.uexp" 751
"D:/Student-projects/Unchained_What_I_Made_Sources/MyProject/Content/FirstPersonArms/Animations/FirstPerson_AnimBP.uasset" 752
"D:/Student-projects/Unchained_What_I_Made_Sources/MyProject/Content/FirstPersonArms/Animations/FirstPerson_AnimBP.uexp" 753
"D:/Student-projects/Unchained_What_I_Made_Sources/MyProject/Content/FirstPerson/Blueprints/BP_FirstPersonCharacter.uasset" 754
"D:/Student-projects/Unchained_What_I_Made_Sources/MyProject/Content/FirstPerson/Blueprints/BP_FirstPersonCharacter.uexp" 755
"D:/Student-projects/Unchained_What_I_Made_Sources/MyProject/Content/RoomsManagement/SpawnerSalle.uasset" 756
"D:/Student-projects/Unchained_What_I_Made_Sources/MyProject/Content/RoomsManagement/SpawnerSalle.uexp" 757
"D:/Student-projects/Unchained_What_I_Made_Sources/MyProject/Content/RoomsManagement/ActorSpawner.uasset" 758
"D:/Student-projects/Unchained_What_I_Made_Sources/MyProject/Content/RoomsManagement/ActorSpawner.uexp" 759
"../../../Engine/Content/Maps/Entry_BuiltData.uasset" 760
"../../../Engine/Content/Maps/Entry_BuiltData.uexp" 761
"../../../Engine/Content/Maps/Entry.uexp" 762
"../../../Engine/Content/Maps/Entry.umap" 763
"../../../Engine/Content/Maps/Templates/HLODs/HLODLayer_Instanced.uasset" 764
"../../../Engine/Content/Maps/Templates/HLODs/HLODLayer_Instanced.uexp" 765
"D:/Student-projects/Unchained_What_I_Made_Sources/MyProject/Content/FirstPerson/Maps/FirstPersonMap.uexp" 766
"D:/Student-projects/Unchained_What_I_Made_Sources/MyProject/Content/FirstPerson/Maps/FirstPersonMap.umap" 767
